Unity Editor version:    2022.3.7f1 (b16b3b16c7a0)
Branch:                  2022.3/staging
Build type:              Release
Batch mode:              YES
macOS version:           Version 13.2.1 (Build 22D68)
Darwin version:          22.3.0
Architecture:            arm64
Running under Rosetta:   NO
Available memory:        8192 MB
Using pre-set license
Pro License: YES

COMMAND LINE ARGUMENTS:
/Applications/Unity/Hub/Editor/2022.3.7f1/Unity.app/Contents/MacOS/Unity
-adb2
-batchMode
-noUpm
-name
AssetImportWorker358
-projectPath
/Users/21913/Documents/GitHub/The-Sun-God-Official-Game/My project (1)
-logFile
Logs/AssetImportWorker358.log
-srvPort
51592
Successfully changed project path to: /Users/21913/Documents/GitHub/The-Sun-God-Official-Game/My project (1)
/Users/21913/Documents/GitHub/The-Sun-God-Official-Game/My project (1)
[UnityMemory] Configuration Parameters - Can be set up in boot.config
    "memorysetup-bucket-allocator-granularity=16"
    "memorysetup-bucket-allocator-bucket-count=8"
    "memorysetup-bucket-allocator-block-size=33554432"
    "memorysetup-bucket-allocator-block-count=8"
    "memorysetup-main-allocator-block-size=16777216"
    "memorysetup-thread-allocator-block-size=16777216"
    "memorysetup-gfx-main-allocator-block-size=16777216"
    "memorysetup-gfx-thread-allocator-block-size=16777216"
    "memorysetup-cache-allocator-block-size=4194304"
    "memorysetup-typetree-allocator-block-size=2097152"
    "memorysetup-profiler-bucket-allocator-granularity=16"
    "memorysetup-profiler-bucket-allocator-bucket-count=8"
    "memorysetup-profiler-bucket-allocator-block-size=33554432"
    "memorysetup-profiler-bucket-allocator-block-count=8"
    "memorysetup-profiler-allocator-block-size=16777216"
    "memorysetup-profiler-editor-allocator-block-size=1048576"
    "memorysetup-temp-allocator-size-main=16777216"
    "memorysetup-job-temp-allocator-block-size=2097152"
    "memorysetup-job-temp-allocator-block-size-background=1048576"
    "memorysetup-job-temp-allocator-reduction-small-platforms=262144"
    "memorysetup-allocator-temp-initial-block-size-main=262144"
    "memorysetup-allocator-temp-initial-block-size-worker=262144"
    "memorysetup-temp-allocator-size-background-worker=32768"
    "memorysetup-temp-allocator-size-job-worker=262144"
    "memorysetup-temp-allocator-size-preload-manager=33554432"
    "memorysetup-temp-allocator-size-nav-mesh-worker=65536"
    "memorysetup-temp-allocator-size-audio-worker=65536"
    "memorysetup-temp-allocator-size-cloud-worker=32768"
    "memorysetup-temp-allocator-size-gi-baking-worker=262144"
    "memorysetup-temp-allocator-size-gfx=262144"
Player connection [8059453760] Host "[IP] 192.168.1.61 [Port] 0 [Flags] 2 [Guid] 496835649 [EditorId] 496835649 [Version] 1048832 [Id] OSXEditor(0,C2Edtech-FVFKHLMJ1WFV.local) [Debug] 1 [PackageName] OSXEditor [ProjectName] Editor" joined multi-casting on [225.0.0.222:54997]...

Player connection [8059453760] Host "[IP] 192.168.1.61 [Port] 0 [Flags] 2 [Guid] 496835649 [EditorId] 496835649 [Version] 1048832 [Id] OSXEditor(0,C2Edtech-FVFKHLMJ1WFV.local) [Debug] 1 [PackageName] OSXEditor [ProjectName] Editor" joined alternative multi-casting on [225.0.0.222:34997]...

Refreshing native plugins compatible for Editor in 0.21 ms, found 0 plugins.
Preloading 0 native plugins for Editor in 0.00 ms.
Initialize engine version: 2022.3.7f1 (b16b3b16c7a0)
[Subsystems] Discovering subsystems at path /Applications/Unity/Hub/Editor/2022.3.7f1/Unity.app/Contents/Resources/UnitySubsystems
[Subsystems] Discovering subsystems at path /Users/21913/Documents/GitHub/The-Sun-God-Official-Game/My project (1)/Assets
GfxDevice: creating device client; threaded=0; jobified=0
 preferred device: Apple M1 (high power)
Metal devices available: 1
0: Apple M1 (high power)
Using device Apple M1 (high power)
Initializing Metal device caps: Apple M1
Initialize mono
Mono path[0] = '/Applications/Unity/Hub/Editor/2022.3.7f1/Unity.app/Contents/Managed'
Mono path[1] = '/Applications/Unity/Hub/Editor/2022.3.7f1/Unity.app/Contents/MonoBleedingEdge/lib/mono/unityjit-macos'
Mono config path = '/Applications/Unity/Hub/Editor/2022.3.7f1/Unity.app/Contents/MonoBleedingEdge/etc'
Using monoOptions --debugger-agent=transport=dt_socket,embedding=1,server=y,suspend=n,address=127.0.0.1:56511
Begin MonoManager ReloadAssembly
Registering precompiled unity dll's ...
Register platform support module: /Applications/Unity/Hub/Editor/2022.3.7f1/PlaybackEngines/WebGLSupport/UnityEditor.WebGL.Extensions.dll
Register platform support module: /Applications/Unity/Hub/Editor/2022.3.7f1/Unity.app/Contents/PlaybackEngines/MacStandaloneSupport/UnityEditor.OSXStandalone.Extensions.dll
Registered in 0.003838 seconds.
- Loaded All Assemblies, in  0.226 seconds
Native extension for OSXStandalone target not found
Native extension for WebGL target not found
Mono: successfully reloaded assembly
- Finished resetting the current domain, in  0.159 seconds
Domain Reload Profiling: 385ms
	BeginReloadAssembly (51ms)
		ExecutionOrderSort (0ms)
		DisableScriptedObjects (0ms)
		BackupInstance (0ms)
		ReleaseScriptingObjects (0ms)
		CreateAndSetChildDomain (0ms)
	RebuildCommonClasses (22ms)
	RebuildNativeTypeToScriptingClass (8ms)
	initialDomainReloadingComplete (33ms)
	LoadAllAssembliesAndSetupDomain (112ms)
		LoadAssemblies (51ms)
		RebuildTransferFunctionScriptingTraits (0ms)
		AnalyzeDomain (111ms)
			TypeCache.Refresh (110ms)
				TypeCache.ScanAssembly (99ms)
			ScanForSourceGeneratedMonoScriptInfo (0ms)
			ResolveRequiredComponents (0ms)
	FinalizeReload (159ms)
		ReleaseScriptCaches (0ms)
		RebuildScriptCaches (0ms)
		SetupLoadedEditorAssemblies (115ms)
			LogAssemblyErrors (0ms)
			InitializePlatformSupportModulesInManaged (5ms)
			SetLoadedEditorAssemblies (3ms)
			RefreshPlugins (0ms)
			BeforeProcessingInitializeOnLoad (1ms)
			ProcessInitializeOnLoadAttributes (77ms)
			ProcessInitializeOnLoadMethodAttributes (29ms)
			AfterProcessingInitializeOnLoad (0ms)
			EditorAssembliesLoaded (0ms)
		ExecutionOrderSort2 (0ms)
		AwakeInstancesAfterBackupRestoration (0ms)
Assertion failed on expression: 'IsFileCreated(assemblyPath)'
Assertion failed on expression: 'IsFileCreated(assemblyPath)'
Assertion failed on expression: 'IsFileCreated(assemblyPath)'
Assertion failed on expression: 'IsFileCreated(assemblyPath)'
Assertion failed on expression: 'IsFileCreated(assemblyPath)'
Assertion failed on expression: 'IsFileCreated(assemblyPath)'
Assertion failed on expression: 'IsFileCreated(assemblyPath)'
Assertion failed on expression: 'IsFileCreated(assemblyPath)'
Assertion failed on expression: 'IsFileCreated(assemblyPath)'
Assertion failed on expression: 'IsFileCreated(assemblyPath)'
Assertion failed on expression: 'IsFileCreated(assemblyPath)'
Assertion failed on expression: 'IsFileCreated(assemblyPath)'
Assertion failed on expression: 'IsFileCreated(assemblyPath)'
Compilation Pipeline: Could not read file Packages/com.unity.textmeshpro/Scripts/Runtime/Unity.TextMeshPro.asmdef
Fatal Error! Compilation Pipeline: Could not read file Packages/com.unity.textmeshpro/Scripts/Runtime/Unity.TextMeshPro.asmdef
Obtained 35 stack frames.
#0  0x00000185056868 in __pthread_kill
#1  0x680a000184fc62c8 in abort
#2  0xf44c0001055be6a4 in __cxx_global_var_init.3
#3  0x000001041a4e58 in EditorMonoConsole::LogToConsoleImplementation(CppLogEntry&)
#4  0x000001041a4524 in EditorMonoConsole::LogToConsoleImplementation(DebugStringToFileData const&)
#5  0x000001041a6140 in LogToConsoleImplementation(DebugStringToFileData const&)
#6  0x00000104f03270 in DebugStringToFilePostprocessedStacktrace(DebugStringToFileData const&)
#7  0x00000104f03808 in DebugStringToFile(DebugStringToFileData const&)
#8  0x000001046a4ca4 in RegisterAssemblyDefinition(core::basic_string<char, core::StringStorageDefault<char> > const&)
#9  0x00000104a902d0 in UpdateScriptCompilationPipelineCaches(ScriptChanges const&, bool)
#10 0x00000104a90b38 in WorkerInitializeAndProcessScriptChanges()
#11 0x00000104333bfc in Application::InitializeProject()
#12 0x000001055c9e98 in -[EditorApplication applicationDidFinishLaunching:]
#13 0x00000185162560 in __CFNOTIFICATIONCENTER_IS_CALLING_OUT_TO_AN_OBSERVER__
#14 0x9e39000185200044 in ___CFXRegistrationPost_block_invoke
#15 0x813f0001851fff8c in _CFXRegistrationPost
#16 0x7042800185133b64 in _CFXNotificationPost
#17 0xaa6400018602338c in -[NSNotificationCenter postNotificationName:object:userInfo:]
#18 0xbd6e8001883f8c38 in -[NSApplication _postDidFinishNotification]
#19 0xf0670001883f89e8 in -[NSApplication _sendFinishLaunchingNotification]
#20 0x92460001883f6a7c in -[NSApplication(NSAppleEventHandling) _handleAEOpenEvent:]
#21 0xa15b8001883f6688 in -[NSApplication(NSAppleEventHandling) _handleCoreEvent:withReplyEvent:]
#22 0xf42100018604d638 in -[NSAppleEventManager dispatchRawAppleEvent:withRawReply:handlerRefCon:]
#23 0xc64880018604d498 in _NSAppleEventManagerGenericHandler
#24 0x1f3e80018b4bf874 in _AppleEventsCheckInAppWithBlock
#25 0x1c2f00018b4bf1a0 in _AppleEventsCheckInAppWithBlock
#26 0x844300018b4b8240 in aeProcessAppleEvent
#27 0xec3a00018e85d50c in AEProcessAppleEvent
#28 0x3e028001883f1b58 in _DPSNextEvent
#29 0x44370001883f09dc in -[NSApplication(NSEvent) _nextEventMatchingEventMask:untilDate:inMode:dequeue:]
#30 0xde2a8001883e4e0c in -[NSApplication run]
#31 0x695f8001883bc250 in NSApplicationMain
#32 0x3d4d0001055e3800 in EditorMain(int, char const**)
#33 0x000001055e3b4c in main
#34 0x00000184d63e50 in start
